Vivado Simulator 2018.2
Copyright 1986-1999, 2001-2018 Xilinx, Inc. All Rights Reserved.
Running: /home/carlos/Vivado/2018.2/bin/unwrapped/lnx64.o/xelab -wto 43fac3a227bc4be2955cff94d99cce9f --incr --debug typical --relax --mt 8 -L xil_defaultlib -L secureip -L xpm --snapshot ca6_top_tb_behav xil_defaultlib.ca6_top_tb -log elaborate.log 
Using 8 slave threads.
Starting static elaboration
Completed static elaboration
Starting simulation data flow analysis
Completed simulation data flow analysis
Time Resolution for simulation is 1ps
Compiling package std.standard
Compiling package std.textio
Compiling package ieee.std_logic_1164
Compiling package ieee.numeric_std
Compiling package unisim.vcomponents
Compiling package ieee.std_logic_arith
Compiling package ieee.std_logic_signed
Compiling package ieee.std_logic_textio
Compiling package ieee.vital_timing
Compiling package ieee.vital_primitives
Compiling package unisim.vpkg
Compiling architecture gnd_v of entity unisim.GND [gnd_default]
Compiling architecture rb18_internal_vhdl_v of entity unisim.RB18_INTERNAL_VHDL [\RB18_INTERNAL_VHDL(bram_size=18...]
Compiling architecture ramb18e1_v of entity unisim.RAMB18E1 [\RAMB18E1(init_00="1000101011101...]
Compiling architecture structure of entity xil_defaultlib.blk_mem_gen_1_blk_mem_gen_prim_wrapper_init [blk_mem_gen_1_blk_mem_gen_prim_w...]
Compiling architecture structure of entity xil_defaultlib.blk_mem_gen_1_blk_mem_gen_prim_width [blk_mem_gen_1_blk_mem_gen_prim_w...]
Compiling architecture structure of entity xil_defaultlib.blk_mem_gen_1_blk_mem_gen_generic_cstr [blk_mem_gen_1_blk_mem_gen_generi...]
Compiling architecture structure of entity xil_defaultlib.blk_mem_gen_1_blk_mem_gen_top [blk_mem_gen_1_blk_mem_gen_top_de...]
Compiling architecture structure of entity xil_defaultlib.blk_mem_gen_1_blk_mem_gen_v8_4_1_synth [blk_mem_gen_1_blk_mem_gen_v8_4_1...]
Compiling architecture structure of entity xil_defaultlib.blk_mem_gen_1_blk_mem_gen_v8_4_1 [blk_mem_gen_1_blk_mem_gen_v8_4_1...]
Compiling architecture structure of entity xil_defaultlib.blk_mem_gen_1 [blk_mem_gen_1_default]
Compiling architecture behavioral of entity xil_defaultlib.ca6_top [ca6_top_default]
Compiling architecture behavioral of entity xil_defaultlib.ca6_top_tb
Built simulation snapshot ca6_top_tb_behav
