
*** Running vivado
    with args -log Binary_Counter.vds -m64 -product Vivado -mode batch -messageDb vivado.pb -notrace -source Binary_Counter.tcl


****** Vivado v2018.1 (64-bit)
  **** SW Build 2188600 on Wed Apr  4 18:40:38 MDT 2018
  **** IP Build 2185939 on Wed Apr  4 20:55:05 MDT 2018
    ** Copyright 1986-2018 Xilinx, Inc. All Rights Reserved.

source Binary_Counter.tcl -notrace
Command: synth_design -top Binary_Counter -part xc7k70tfbv676-1
Starting synth_design
Attempting to get a license for feature 'Synthesis' and/or device 'xc7k70t'
INFO: [Common 17-349] Got license for feature 'Synthesis' and/or device 'xc7k70t'
INFO: Launching helper process for spawning children vivado processes
INFO: Helper process launched with PID 15200 
---------------------------------------------------------------------------------
Starting RTL Elaboration : Time (s): cpu = 00:00:07 ; elapsed = 00:00:07 . Memory (MB): peak = 359.156 ; gain = 100.484
---------------------------------------------------------------------------------
INFO: [Synth 8-638] synthesizing module 'Binary_Counter' [C:/vhdl_temp/Binary_counter/Binary_counter.srcs/sources_1/new/Binary_Counter.vhd:41]
INFO: [Synth 8-256] done synthesizing module 'Binary_Counter' (1#1) [C:/vhdl_temp/Binary_counter/Binary_counter.srcs/sources_1/new/Binary_Counter.vhd:41]
---------------------------------------------------------------------------------
Finished RTL Elaboration : Time (s): cpu = 00:00:08 ; elapsed = 00:00:08 . Memory (MB): peak = 413.352 ; gain = 154.680
---------------------------------------------------------------------------------

Report Check Netlist: 
+------+------------------+-------+---------+-------+------------------+
|      |Item              |Errors |Warnings |Status |Description       |
+------+------------------+-------+---------+-------+------------------+
|1     |multi_driven_nets |      0|        0|Passed |Multi driven nets |
+------+------------------+-------+---------+-------+------------------+
---------------------------------------------------------------------------------
Start Handling Custom Attributes
---------------------------------------------------------------------------------
---------------------------------------------------------------------------------
Finished Handling Custom Attributes : Time (s): cpu = 00:00:09 ; elapsed = 00:00:09 . Memory (MB): peak = 413.352 ; gain = 154.680
---------------------------------------------------------------------------------
---------------------------------------------------------------------------------
Finished RTL Optimization Phase 1 : Time (s): cpu = 00:00:09 ; elapsed = 00:00:09 . Memory (MB): peak = 413.352 ; gain = 154.680
---------------------------------------------------------------------------------
INFO: [Device 21-403] Loading part xc7k70tfbv676-1
INFO: [Project 1-570] Preparing netlist for logic optimization

Processing XDC Constraints
Initializing timing engine
Parsing XDC File [C:/Users/Andres/Downloads/zedboard_master_XDC_RevC_D_v3/zedboard_master_XDC_RevC_D_v3.xdc]
WARNING: [Vivado 12-584] No ports matched 'BTND'. [C:/Users/Andres/Downloads/zedboard_master_XDC_RevC_D_v3/zedboard_master_XDC_RevC_D_v3.xdc:206]
CRITICAL WARNING: [Common 17-55] 'set_property' expects at least one object. [C:/Users/Andres/Downloads/zedboard_master_XDC_RevC_D_v3/zedboard_master_XDC_RevC_D_v3.xdc:206]
Resolution: If [get_<value>] was used to populate the object, check to make sure this command returns at least one valid object.
WARNING: [Vivado 12-584] No ports matched 'BTNL'. [C:/Users/Andres/Downloads/zedboard_master_XDC_RevC_D_v3/zedboard_master_XDC_RevC_D_v3.xdc:207]
CRITICAL WARNING: [Common 17-55] 'set_property' expects at least one object. [C:/Users/Andres/Downloads/zedboard_master_XDC_RevC_D_v3/zedboard_master_XDC_RevC_D_v3.xdc:207]
Resolution: If [get_<value>] was used to populate the object, check to make sure this command returns at least one valid object.
WARNING: [Vivado 12-584] No ports matched 'BTNR'. [C:/Users/Andres/Downloads/zedboard_master_XDC_RevC_D_v3/zedboard_master_XDC_RevC_D_v3.xdc:208]
CRITICAL WARNING: [Common 17-55] 'set_property' expects at least one object. [C:/Users/Andres/Downloads/zedboard_master_XDC_RevC_D_v3/zedboard_master_XDC_RevC_D_v3.xdc:208]
Resolution: If [get_<value>] was used to populate the object, check to make sure this command returns at least one valid object.
WARNING: [Vivado 12-584] No ports matched 'BTNU'. [C:/Users/Andres/Downloads/zedboard_master_XDC_RevC_D_v3/zedboard_master_XDC_RevC_D_v3.xdc:209]
CRITICAL WARNING: [Common 17-55] 'set_property' expects at least one object. [C:/Users/Andres/Downloads/zedboard_master_XDC_RevC_D_v3/zedboard_master_XDC_RevC_D_v3.xdc:209]
Resolution: If [get_<value>] was used to populate the object, check to make sure this command returns at least one valid object.
WARNING: [Vivado 12-584] No ports matched 'OTG_RESETN'. [C:/Users/Andres/Downloads/zedboard_master_XDC_RevC_D_v3/zedboard_master_XDC_RevC_D_v3.xdc:232]
CRITICAL WARNING: [Common 17-55] 'set_property' expects at least one object. [C:/Users/Andres/Downloads/zedboard_master_XDC_RevC_D_v3/zedboard_master_XDC_RevC_D_v3.xdc:232]
Resolution: If [get_<value>] was used to populate the object, check to make sure this command returns at least one valid object.
WARNING: [Vivado 12-584] No ports matched 'SW0'. [C:/Users/Andres/Downloads/zedboard_master_XDC_RevC_D_v3/zedboard_master_XDC_RevC_D_v3.xdc:237]
CRITICAL WARNING: [Common 17-55] 'set_property' expects at least one object. [C:/Users/Andres/Downloads/zedboard_master_XDC_RevC_D_v3/zedboard_master_XDC_RevC_D_v3.xdc:237]
Resolution: If [get_<value>] was used to populate the object, check to make sure this command returns at least one valid object.
WARNING: [Vivado 12-584] No ports matched 'SW1'. [C:/Users/Andres/Downloads/zedboard_master_XDC_RevC_D_v3/zedboard_master_XDC_RevC_D_v3.xdc:238]
CRITICAL WARNING: [Common 17-55] 'set_property' expects at least one object. [C:/Users/Andres/Downloads/zedboard_master_XDC_RevC_D_v3/zedboard_master_XDC_RevC_D_v3.xdc:238]
Resolution: If [get_<value>] was used to populate the object, check to make sure this command returns at least one valid object.
WARNING: [Vivado 12-584] No ports matched 'SW2'. [C:/Users/Andres/Downloads/zedboard_master_XDC_RevC_D_v3/zedboard_master_XDC_RevC_D_v3.xdc:239]
CRITICAL WARNING: [Common 17-55] 'set_property' expects at least one object. [C:/Users/Andres/Downloads/zedboard_master_XDC_RevC_D_v3/zedboard_master_XDC_RevC_D_v3.xdc:239]
Resolution: If [get_<value>] was used to populate the object, check to make sure this command returns at least one valid object.
WARNING: [Vivado 12-584] No ports matched 'SW3'. [C:/Users/Andres/Downloads/zedboard_master_XDC_RevC_D_v3/zedboard_master_XDC_RevC_D_v3.xdc:240]
CRITICAL WARNING: [Common 17-55] 'set_property' expects at least one object. [C:/Users/Andres/Downloads/zedboard_master_XDC_RevC_D_v3/zedboard_master_XDC_RevC_D_v3.xdc:240]
Resolution: If [get_<value>] was used to populate the object, check to make sure this command returns at least one valid object.
WARNING: [Vivado 12-584] No ports matched 'SW4'. [C:/Users/Andres/Downloads/zedboard_master_XDC_RevC_D_v3/zedboard_master_XDC_RevC_D_v3.xdc:241]
CRITICAL WARNING: [Common 17-55] 'set_property' expects at least one object. [C:/Users/Andres/Downloads/zedboard_master_XDC_RevC_D_v3/zedboard_master_XDC_RevC_D_v3.xdc:241]
Resolution: If [get_<value>] was used to populate the object, check to make sure this command returns at least one valid object.
WARNING: [Vivado 12-584] No ports matched 'SW5'. [C:/Users/Andres/Downloads/zedboard_master_XDC_RevC_D_v3/zedboard_master_XDC_RevC_D_v3.xdc:242]
CRITICAL WARNING: [Common 17-55] 'set_property' expects at least one object. [C:/Users/Andres/Downloads/zedboard_master_XDC_RevC_D_v3/zedboard_master_XDC_RevC_D_v3.xdc:242]
Resolution: If [get_<value>] was used to populate the object, check to make sure this command returns at least one valid object.
WARNING: [Vivado 12-584] No ports matched 'SW6'. [C:/Users/Andres/Downloads/zedboard_master_XDC_RevC_D_v3/zedboard_master_XDC_RevC_D_v3.xdc:243]
CRITICAL WARNING: [Common 17-55] 'set_property' expects at least one object. [C:/Users/Andres/Downloads/zedboard_master_XDC_RevC_D_v3/zedboard_master_XDC_RevC_D_v3.xdc:243]
Resolution: If [get_<value>] was used to populate the object, check to make sure this command returns at least one valid object.
WARNING: [Vivado 12-584] No ports matched 'SW7'. [C:/Users/Andres/Downloads/zedboard_master_XDC_RevC_D_v3/zedboard_master_XDC_RevC_D_v3.xdc:244]
CRITICAL WARNING: [Common 17-55] 'set_property' expects at least one object. [C:/Users/Andres/Downloads/zedboard_master_XDC_RevC_D_v3/zedboard_master_XDC_RevC_D_v3.xdc:244]
Resolution: If [get_<value>] was used to populate the object, check to make sure this command returns at least one valid object.
WARNING: [Vivado 12-584] No ports matched 'FMC_SCL'. [C:/Users/Andres/Downloads/zedboard_master_XDC_RevC_D_v3/zedboard_master_XDC_RevC_D_v3.xdc:257]
CRITICAL WARNING: [Common 17-55] 'set_property' expects at least one object. [C:/Users/Andres/Downloads/zedboard_master_XDC_RevC_D_v3/zedboard_master_XDC_RevC_D_v3.xdc:257]
Resolution: If [get_<value>] was used to populate the object, check to make sure this command returns at least one valid object.
WARNING: [Vivado 12-584] No ports matched 'FMC_SDA'. [C:/Users/Andres/Downloads/zedboard_master_XDC_RevC_D_v3/zedboard_master_XDC_RevC_D_v3.xdc:258]
CRITICAL WARNING: [Common 17-55] 'set_property' expects at least one object. [C:/Users/Andres/Downloads/zedboard_master_XDC_RevC_D_v3/zedboard_master_XDC_RevC_D_v3.xdc:258]
Resolution: If [get_<value>] was used to populate the object, check to make sure this command returns at least one valid object.
WARNING: [Vivado 12-584] No ports matched 'FMC_PRSNT'. [C:/Users/Andres/Downloads/zedboard_master_XDC_RevC_D_v3/zedboard_master_XDC_RevC_D_v3.xdc:263]
CRITICAL WARNING: [Common 17-55] 'set_property' expects at least one object. [C:/Users/Andres/Downloads/zedboard_master_XDC_RevC_D_v3/zedboard_master_XDC_RevC_D_v3.xdc:263]
Resolution: If [get_<value>] was used to populate the object, check to make sure this command returns at least one valid object.
WARNING: [Vivado 12-584] No ports matched 'FMC_CLK0_N'. [C:/Users/Andres/Downloads/zedboard_master_XDC_RevC_D_v3/zedboard_master_XDC_RevC_D_v3.xdc:268]
CRITICAL WARNING: [Common 17-55] 'set_property' expects at least one object. [C:/Users/Andres/Downloads/zedboard_master_XDC_RevC_D_v3/zedboard_master_XDC_RevC_D_v3.xdc:268]
Resolution: If [get_<value>] was used to populate the object, check to make sure this command returns at least one valid object.
WARNING: [Vivado 12-584] No ports matched 'FMC_CLK0_P'. [C:/Users/Andres/Downloads/zedboard_master_XDC_RevC_D_v3/zedboard_master_XDC_RevC_D_v3.xdc:269]
CRITICAL WARNING: [Common 17-55] 'set_property' expects at least one object. [C:/Users/Andres/Downloads/zedboard_master_XDC_RevC_D_v3/zedboard_master_XDC_RevC_D_v3.xdc:269]
Resolution: If [get_<value>] was used to populate the object, check to make sure this command returns at least one valid object.
WARNING: [Vivado 12-584] No ports matched 'FMC_LA00_CC_N'. [C:/Users/Andres/Downloads/zedboard_master_XDC_RevC_D_v3/zedboard_master_XDC_RevC_D_v3.xdc:270]
CRITICAL WARNING: [Common 17-55] 'set_property' expects at least one object. [C:/Users/Andres/Downloads/zedboard_master_XDC_RevC_D_v3/zedboard_master_XDC_RevC_D_v3.xdc:270]
Resolution: If [get_<value>] was used to populate the object, check to make sure this command returns at least one valid object.
WARNING: [Vivado 12-584] No ports matched 'FMC_LA00_CC_P'. [C:/Users/Andres/Downloads/zedboard_master_XDC_RevC_D_v3/zedboard_master_XDC_RevC_D_v3.xdc:271]
CRITICAL WARNING: [Common 17-55] 'set_property' expects at least one object. [C:/Users/Andres/Downloads/zedboard_master_XDC_RevC_D_v3/zedboard_master_XDC_RevC_D_v3.xdc:271]
Resolution: If [get_<value>] was used to populate the object, check to make sure this command returns at least one valid object.
WARNING: [Vivado 12-584] No ports matched 'FMC_LA01_CC_N'. [C:/Users/Andres/Downloads/zedboard_master_XDC_RevC_D_v3/zedboard_master_XDC_RevC_D_v3.xdc:272]
CRITICAL WARNING: [Common 17-55] 'set_property' expects at least one object. [C:/Users/Andres/Downloads/zedboard_master_XDC_RevC_D_v3/zedboard_master_XDC_RevC_D_v3.xdc:272]
Resolution: If [get_<value>] was used to populate the object, check to make sure this command returns at least one valid object.
WARNING: [Vivado 12-584] No ports matched 'FMC_LA01_CC_P'. [C:/Users/Andres/Downloads/zedboard_master_XDC_RevC_D_v3/zedboard_master_XDC_RevC_D_v3.xdc:273]
CRITICAL WARNING: [Common 17-55] 'set_property' expects at least one object. [C:/Users/Andres/Downloads/zedboard_master_XDC_RevC_D_v3/zedboard_master_XDC_RevC_D_v3.xdc:273]
Resolution: If [get_<value>] was used to populate the object, check to make sure this command returns at least one valid object.
WARNING: [Vivado 12-584] No ports matched 'FMC_LA02_N'. [C:/Users/Andres/Downloads/zedboard_master_XDC_RevC_D_v3/zedboard_master_XDC_RevC_D_v3.xdc:274]
CRITICAL WARNING: [Common 17-55] 'set_property' expects at least one object. [C:/Users/Andres/Downloads/zedboard_master_XDC_RevC_D_v3/zedboard_master_XDC_RevC_D_v3.xdc:274]
Resolution: If [get_<value>] was used to populate the object, check to make sure this command returns at least one valid object.
WARNING: [Vivado 12-584] No ports matched 'FMC_LA02_P'. [C:/Users/Andres/Downloads/zedboard_master_XDC_RevC_D_v3/zedboard_master_XDC_RevC_D_v3.xdc:275]
CRITICAL WARNING: [Common 17-55] 'set_property' expects at least one object. [C:/Users/Andres/Downloads/zedboard_master_XDC_RevC_D_v3/zedboard_master_XDC_RevC_D_v3.xdc:275]
Resolution: If [get_<value>] was used to populate the object, check to make sure this command returns at least one valid object.
WARNING: [Vivado 12-584] No ports matched 'FMC_LA03_N'. [C:/Users/Andres/Downloads/zedboard_master_XDC_RevC_D_v3/zedboard_master_XDC_RevC_D_v3.xdc:276]
CRITICAL WARNING: [Common 17-55] 'set_property' expects at least one object. [C:/Users/Andres/Downloads/zedboard_master_XDC_RevC_D_v3/zedboard_master_XDC_RevC_D_v3.xdc:276]
Resolution: If [get_<value>] was used to populate the object, check to make sure this command returns at least one valid object.
WARNING: [Vivado 12-584] No ports matched 'FMC_LA03_P'. [C:/Users/Andres/Downloads/zedboard_master_XDC_RevC_D_v3/zedboard_master_XDC_RevC_D_v3.xdc:277]
CRITICAL WARNING: [Common 17-55] 'set_property' expects at least one object. [C:/Users/Andres/Downloads/zedboard_master_XDC_RevC_D_v3/zedboard_master_XDC_RevC_D_v3.xdc:277]
Resolution: If [get_<value>] was used to populate the object, check to make sure this command returns at least one valid object.
WARNING: [Vivado 12-584] No ports matched 'FMC_LA04_N'. [C:/Users/Andres/Downloads/zedboard_master_XDC_RevC_D_v3/zedboard_master_XDC_RevC_D_v3.xdc:278]
CRITICAL WARNING: [Common 17-55] 'set_property' expects at least one object. [C:/Users/Andres/Downloads/zedboard_master_XDC_RevC_D_v3/zedboard_master_XDC_RevC_D_v3.xdc:278]
Resolution: If [get_<value>] was used to populate the object, check to make sure this command returns at least one valid object.
WARNING: [Vivado 12-584] No ports matched 'FMC_LA04_P'. [C:/Users/Andres/Downloads/zedboard_master_XDC_RevC_D_v3/zedboard_master_XDC_RevC_D_v3.xdc:279]
CRITICAL WARNING: [Common 17-55] 'set_property' expects at least one object. [C:/Users/Andres/Downloads/zedboard_master_XDC_RevC_D_v3/zedboard_master_XDC_RevC_D_v3.xdc:279]
Resolution: If [get_<value>] was used to populate the object, check to make sure this command returns at least one valid object.
WARNING: [Vivado 12-584] No ports matched 'FMC_LA05_N'. [C:/Users/Andres/Downloads/zedboard_master_XDC_RevC_D_v3/zedboard_master_XDC_RevC_D_v3.xdc:280]
CRITICAL WARNING: [Common 17-55] 'set_property' expects at least one object. [C:/Users/Andres/Downloads/zedboard_master_XDC_RevC_D_v3/zedboard_master_XDC_RevC_D_v3.xdc:280]
Resolution: If [get_<value>] was used to populate the object, check to make sure this command returns at least one valid object.
WARNING: [Vivado 12-584] No ports matched 'FMC_LA05_P'. [C:/Users/Andres/Downloads/zedboard_master_XDC_RevC_D_v3/zedboard_master_XDC_RevC_D_v3.xdc:281]
CRITICAL WARNING: [Common 17-55] 'set_property' expects at least one object. [C:/Users/Andres/Downloads/zedboard_master_XDC_RevC_D_v3/zedboard_master_XDC_RevC_D_v3.xdc:281]
Resolution: If [get_<value>] was used to populate the object, check to make sure this command returns at least one valid object.
WARNING: [Vivado 12-584] No ports matched 'FMC_LA06_N'. [C:/Users/Andres/Downloads/zedboard_master_XDC_RevC_D_v3/zedboard_master_XDC_RevC_D_v3.xdc:282]
CRITICAL WARNING: [Common 17-55] 'set_property' expects at least one object. [C:/Users/Andres/Downloads/zedboard_master_XDC_RevC_D_v3/zedboard_master_XDC_RevC_D_v3.xdc:282]
Resolution: If [get_<value>] was used to populate the object, check to make sure this command returns at least one valid object.
WARNING: [Vivado 12-584] No ports matched 'FMC_LA06_P'. [C:/Users/Andres/Downloads/zedboard_master_XDC_RevC_D_v3/zedboard_master_XDC_RevC_D_v3.xdc:283]
CRITICAL WARNING: [Common 17-55] 'set_property' expects at least one object. [C:/Users/Andres/Downloads/zedboard_master_XDC_RevC_D_v3/zedboard_master_XDC_RevC_D_v3.xdc:283]
Resolution: If [get_<value>] was used to populate the object, check to make sure this command returns at least one valid object.
WARNING: [Vivado 12-584] No ports matched 'FMC_LA07_N'. [C:/Users/Andres/Downloads/zedboard_master_XDC_RevC_D_v3/zedboard_master_XDC_RevC_D_v3.xdc:284]
CRITICAL WARNING: [Common 17-55] 'set_property' expects at least one object. [C:/Users/Andres/Downloads/zedboard_master_XDC_RevC_D_v3/zedboard_master_XDC_RevC_D_v3.xdc:284]
Resolution: If [get_<value>] was used to populate the object, check to make sure this command returns at least one valid object.
WARNING: [Vivado 12-584] No ports matched 'FMC_LA07_P'. [C:/Users/Andres/Downloads/zedboard_master_XDC_RevC_D_v3/zedboard_master_XDC_RevC_D_v3.xdc:285]
CRITICAL WARNING: [Common 17-55] 'set_property' expects at least one object. [C:/Users/Andres/Downloads/zedboard_master_XDC_RevC_D_v3/zedboard_master_XDC_RevC_D_v3.xdc:285]
Resolution: If [get_<value>] was used to populate the object, check to make sure this command returns at least one valid object.
WARNING: [Vivado 12-584] No ports matched 'FMC_LA08_N'. [C:/Users/Andres/Downloads/zedboard_master_XDC_RevC_D_v3/zedboard_master_XDC_RevC_D_v3.xdc:286]
CRITICAL WARNING: [Common 17-55] 'set_property' expects at least one object. [C:/Users/Andres/Downloads/zedboard_master_XDC_RevC_D_v3/zedboard_master_XDC_RevC_D_v3.xdc:286]
Resolution: If [get_<value>] was used to populate the object, check to make sure this command returns at least one valid object.
WARNING: [Vivado 12-584] No ports matched 'FMC_LA08_P'. [C:/Users/Andres/Downloads/zedboard_master_XDC_RevC_D_v3/zedboard_master_XDC_RevC_D_v3.xdc:287]
CRITICAL WARNING: [Common 17-55] 'set_property' expects at least one object. [C:/Users/Andres/Downloads/zedboard_master_XDC_RevC_D_v3/zedboard_master_XDC_RevC_D_v3.xdc:287]
Resolution: If [get_<value>] was used to populate the object, check to make sure this command returns at least one valid object.
WARNING: [Vivado 12-584] No ports matched 'FMC_LA09_N'. [C:/Users/Andres/Downloads/zedboard_master_XDC_RevC_D_v3/zedboard_master_XDC_RevC_D_v3.xdc:288]
CRITICAL WARNING: [Common 17-55] 'set_property' expects at least one object. [C:/Users/Andres/Downloads/zedboard_master_XDC_RevC_D_v3/zedboard_master_XDC_RevC_D_v3.xdc:288]
Resolution: If [get_<value>] was used to populate the object, check to make sure this command returns at least one valid object.
WARNING: [Vivado 12-584] No ports matched 'FMC_LA09_P'. [C:/Users/Andres/Downloads/zedboard_master_XDC_RevC_D_v3/zedboard_master_XDC_RevC_D_v3.xdc:289]
CRITICAL WARNING: [Common 17-55] 'set_property' expects at least one object. [C:/Users/Andres/Downloads/zedboard_master_XDC_RevC_D_v3/zedboard_master_XDC_RevC_D_v3.xdc:289]
Resolution: If [get_<value>] was used to populate the object, check to make sure this command returns at least one valid object.
WARNING: [Vivado 12-584] No ports matched 'FMC_LA10_N'. [C:/Users/Andres/Downloads/zedboard_master_XDC_RevC_D_v3/zedboard_master_XDC_RevC_D_v3.xdc:290]
CRITICAL WARNING: [Common 17-55] 'set_property' expects at least one object. [C:/Users/Andres/Downloads/zedboard_master_XDC_RevC_D_v3/zedboard_master_XDC_RevC_D_v3.xdc:290]
Resolution: If [get_<value>] was used to populate the object, check to make sure this command returns at least one valid object.
WARNING: [Vivado 12-584] No ports matched 'FMC_LA10_P'. [C:/Users/Andres/Downloads/zedboard_master_XDC_RevC_D_v3/zedboard_master_XDC_RevC_D_v3.xdc:291]
CRITICAL WARNING: [Common 17-55] 'set_property' expects at least one object. [C:/Users/Andres/Downloads/zedboard_master_XDC_RevC_D_v3/zedboard_master_XDC_RevC_D_v3.xdc:291]
Resolution: If [get_<value>] was used to populate the object, check to make sure this command returns at least one valid object.
WARNING: [Vivado 12-584] No ports matched 'FMC_LA11_N'. [C:/Users/Andres/Downloads/zedboard_master_XDC_RevC_D_v3/zedboard_master_XDC_RevC_D_v3.xdc:292]
CRITICAL WARNING: [Common 17-55] 'set_property' expects at least one object. [C:/Users/Andres/Downloads/zedboard_master_XDC_RevC_D_v3/zedboard_master_XDC_RevC_D_v3.xdc:292]
Resolution: If [get_<value>] was used to populate the object, check to make sure this command returns at least one valid object.
WARNING: [Vivado 12-584] No ports matched 'FMC_LA11_P'. [C:/Users/Andres/Downloads/zedboard_master_XDC_RevC_D_v3/zedboard_master_XDC_RevC_D_v3.xdc:293]
CRITICAL WARNING: [Common 17-55] 'set_property' expects at least one object. [C:/Users/Andres/Downloads/zedboard_master_XDC_RevC_D_v3/zedboard_master_XDC_RevC_D_v3.xdc:293]
Resolution: If [get_<value>] was used to populate the object, check to make sure this command returns at least one valid object.
WARNING: [Vivado 12-584] No ports matched 'FMC_LA12_N'. [C:/Users/Andres/Downloads/zedboard_master_XDC_RevC_D_v3/zedboard_master_XDC_RevC_D_v3.xdc:294]
CRITICAL WARNING: [Common 17-55] 'set_property' expects at least one object. [C:/Users/Andres/Downloads/zedboard_master_XDC_RevC_D_v3/zedboard_master_XDC_RevC_D_v3.xdc:294]
Resolution: If [get_<value>] was used to populate the object, check to make sure this command returns at least one valid object.
WARNING: [Vivado 12-584] No ports matched 'FMC_LA12_P'. [C:/Users/Andres/Downloads/zedboard_master_XDC_RevC_D_v3/zedboard_master_XDC_RevC_D_v3.xdc:295]
CRITICAL WARNING: [Common 17-55] 'set_property' expects at least one object. [C:/Users/Andres/Downloads/zedboard_master_XDC_RevC_D_v3/zedboard_master_XDC_RevC_D_v3.xdc:295]
Resolution: If [get_<value>] was used to populate the object, check to make sure this command returns at least one valid object.
WARNING: [Vivado 12-584] No ports matched 'FMC_LA13_N'. [C:/Users/Andres/Downloads/zedboard_master_XDC_RevC_D_v3/zedboard_master_XDC_RevC_D_v3.xdc:296]
CRITICAL WARNING: [Common 17-55] 'set_property' expects at least one object. [C:/Users/Andres/Downloads/zedboard_master_XDC_RevC_D_v3/zedboard_master_XDC_RevC_D_v3.xdc:296]
Resolution: If [get_<value>] was used to populate the object, check to make sure this command returns at least one valid object.
WARNING: [Vivado 12-584] No ports matched 'FMC_LA13_P'. [C:/Users/Andres/Downloads/zedboard_master_XDC_RevC_D_v3/zedboard_master_XDC_RevC_D_v3.xdc:297]
CRITICAL WARNING: [Common 17-55] 'set_property' expects at least one object. [C:/Users/Andres/Downloads/zedboard_master_XDC_RevC_D_v3/zedboard_master_XDC_RevC_D_v3.xdc:297]
Resolution: If [get_<value>] was used to populate the object, check to make sure this command returns at least one valid object.
WARNING: [Vivado 12-584] No ports matched 'FMC_LA14_N'. [C:/Users/Andres/Downloads/zedboard_master_XDC_RevC_D_v3/zedboard_master_XDC_RevC_D_v3.xdc:298]
CRITICAL WARNING: [Common 17-55] 'set_property' expects at least one object. [C:/Users/Andres/Downloads/zedboard_master_XDC_RevC_D_v3/zedboard_master_XDC_RevC_D_v3.xdc:298]
Resolution: If [get_<value>] was used to populate the object, check to make sure this command returns at least one valid object.
WARNING: [Vivado 12-584] No ports matched 'FMC_LA14_P'. [C:/Users/Andres/Downloads/zedboard_master_XDC_RevC_D_v3/zedboard_master_XDC_RevC_D_v3.xdc:299]
CRITICAL WARNING: [Common 17-55] 'set_property' expects at least one object. [C:/Users/Andres/Downloads/zedboard_master_XDC_RevC_D_v3/zedboard_master_XDC_RevC_D_v3.xdc:299]
Resolution: If [get_<value>] was used to populate the object, check to make sure this command returns at least one valid object.
WARNING: [Vivado 12-584] No ports matched 'FMC_LA15_N'. [C:/Users/Andres/Downloads/zedboard_master_XDC_RevC_D_v3/zedboard_master_XDC_RevC_D_v3.xdc:300]
CRITICAL WARNING: [Common 17-55] 'set_property' expects at least one object. [C:/Users/Andres/Downloads/zedboard_master_XDC_RevC_D_v3/zedboard_master_XDC_RevC_D_v3.xdc:300]
Resolution: If [get_<value>] was used to populate the object, check to make sure this command returns at least one valid object.
WARNING: [Vivado 12-584] No ports matched 'FMC_LA15_P'. [C:/Users/Andres/Downloads/zedboard_master_XDC_RevC_D_v3/zedboard_master_XDC_RevC_D_v3.xdc:301]
CRITICAL WARNING: [Common 17-55] 'set_property' expects at least one object. [C:/Users/Andres/Downloads/zedboard_master_XDC_RevC_D_v3/zedboard_master_XDC_RevC_D_v3.xdc:301]
Resolution: If [get_<value>] was used to populate the object, check to make sure this command returns at least one valid object.
WARNING: [Vivado 12-584] No ports matched 'FMC_LA16_N'. [C:/Users/Andres/Downloads/zedboard_master_XDC_RevC_D_v3/zedboard_master_XDC_RevC_D_v3.xdc:302]
CRITICAL WARNING: [Common 17-55] 'set_property' expects at least one object. [C:/Users/Andres/Downloads/zedboard_master_XDC_RevC_D_v3/zedboard_master_XDC_RevC_D_v3.xdc:302]
Resolution: If [get_<value>] was used to populate the object, check to make sure this command returns at least one valid object.
WARNING: [Vivado 12-584] No ports matched 'FMC_LA16_P'. [C:/Users/Andres/Downloads/zedboard_master_XDC_RevC_D_v3/zedboard_master_XDC_RevC_D_v3.xdc:303]
CRITICAL WARNING: [Common 17-55] 'set_property' expects at least one object. [C:/Users/Andres/Downloads/zedboard_master_XDC_RevC_D_v3/zedboard_master_XDC_RevC_D_v3.xdc:303]
Resolution: If [get_<value>] was used to populate the object, check to make sure this command returns at least one valid object.
WARNING: [Vivado 12-584] No ports matched 'FMC_CLK1_N'. [C:/Users/Andres/Downloads/zedboard_master_XDC_RevC_D_v3/zedboard_master_XDC_RevC_D_v3.xdc:308]
CRITICAL WARNING: [Common 17-55] 'set_property' expects at least one object. [C:/Users/Andres/Downloads/zedboard_master_XDC_RevC_D_v3/zedboard_master_XDC_RevC_D_v3.xdc:308]
Resolution: If [get_<value>] was used to populate the object, check to make sure this command returns at least one valid object.
WARNING: [Vivado 12-584] No ports matched 'FMC_CLK1_P'. [C:/Users/Andres/Downloads/zedboard_master_XDC_RevC_D_v3/zedboard_master_XDC_RevC_D_v3.xdc:309]
CRITICAL WARNING: [Common 17-55] 'set_property' expects at least one object. [C:/Users/Andres/Downloads/zedboard_master_XDC_RevC_D_v3/zedboard_master_XDC_RevC_D_v3.xdc:309]
Resolution: If [get_<value>] was used to populate the object, check to make sure this command returns at least one valid object.
WARNING: [Vivado 12-584] No ports matched 'FMC_LA17_CC_N'. [C:/Users/Andres/Downloads/zedboard_master_XDC_RevC_D_v3/zedboard_master_XDC_RevC_D_v3.xdc:310]
CRITICAL WARNING: [Common 17-55] 'set_property' expects at least one object. [C:/Users/Andres/Downloads/zedboard_master_XDC_RevC_D_v3/zedboard_master_XDC_RevC_D_v3.xdc:310]
Resolution: If [get_<value>] was used to populate the object, check to make sure this command returns at least one valid object.
WARNING: [Vivado 12-584] No ports matched 'FMC_LA17_CC_P'. [C:/Users/Andres/Downloads/zedboard_master_XDC_RevC_D_v3/zedboard_master_XDC_RevC_D_v3.xdc:311]
CRITICAL WARNING: [Common 17-55] 'set_property' expects at least one object. [C:/Users/Andres/Downloads/zedboard_master_XDC_RevC_D_v3/zedboard_master_XDC_RevC_D_v3.xdc:311]
Resolution: If [get_<value>] was used to populate the object, check to make sure this command returns at least one valid object.
WARNING: [Vivado 12-584] No ports matched 'FMC_LA18_CC_N'. [C:/Users/Andres/Downloads/zedboard_master_XDC_RevC_D_v3/zedboard_master_XDC_RevC_D_v3.xdc:312]
CRITICAL WARNING: [Common 17-55] 'set_property' expects at least one object. [C:/Users/Andres/Downloads/zedboard_master_XDC_RevC_D_v3/zedboard_master_XDC_RevC_D_v3.xdc:312]
Resolution: If [get_<value>] was used to populate the object, check to make sure this command returns at least one valid object.
WARNING: [Vivado 12-584] No ports matched 'FMC_LA18_CC_P'. [C:/Users/Andres/Downloads/zedboard_master_XDC_RevC_D_v3/zedboard_master_XDC_RevC_D_v3.xdc:313]
CRITICAL WARNING: [Common 17-55] 'set_property' expects at least one object. [C:/Users/Andres/Downloads/zedboard_master_XDC_RevC_D_v3/zedboard_master_XDC_RevC_D_v3.xdc:313]
Resolution: If [get_<value>] was used to populate the object, check to make sure this command returns at least one valid object.
WARNING: [Vivado 12-584] No ports matched 'FMC_LA19_N'. [C:/Users/Andres/Downloads/zedboard_master_XDC_RevC_D_v3/zedboard_master_XDC_RevC_D_v3.xdc:314]
CRITICAL WARNING: [Common 17-55] 'set_property' expects at least one object. [C:/Users/Andres/Downloads/zedboard_master_XDC_RevC_D_v3/zedboard_master_XDC_RevC_D_v3.xdc:314]
Resolution: If [get_<value>] was used to populate the object, check to make sure this command returns at least one valid object.
WARNING: [Vivado 12-584] No ports matched 'FMC_LA19_P'. [C:/Users/Andres/Downloads/zedboard_master_XDC_RevC_D_v3/zedboard_master_XDC_RevC_D_v3.xdc:315]
CRITICAL WARNING: [Common 17-55] 'set_property' expects at least one object. [C:/Users/Andres/Downloads/zedboard_master_XDC_RevC_D_v3/zedboard_master_XDC_RevC_D_v3.xdc:315]
Resolution: If [get_<value>] was used to populate the object, check to make sure this command returns at least one valid object.
WARNING: [Vivado 12-584] No ports matched 'FMC_LA20_N'. [C:/Users/Andres/Downloads/zedboard_master_XDC_RevC_D_v3/zedboard_master_XDC_RevC_D_v3.xdc:316]
CRITICAL WARNING: [Common 17-55] 'set_property' expects at least one object. [C:/Users/Andres/Downloads/zedboard_master_XDC_RevC_D_v3/zedboard_master_XDC_RevC_D_v3.xdc:316]
Resolution: If [get_<value>] was used to populate the object, check to make sure this command returns at least one valid object.
WARNING: [Vivado 12-584] No ports matched 'FMC_LA20_P'. [C:/Users/Andres/Downloads/zedboard_master_XDC_RevC_D_v3/zedboard_master_XDC_RevC_D_v3.xdc:317]
CRITICAL WARNING: [Common 17-55] 'set_property' expects at least one object. [C:/Users/Andres/Downloads/zedboard_master_XDC_RevC_D_v3/zedboard_master_XDC_RevC_D_v3.xdc:317]
Resolution: If [get_<value>] was used to populate the object, check to make sure this command returns at least one valid object.
WARNING: [Vivado 12-584] No ports matched 'FMC_LA21_N'. [C:/Users/Andres/Downloads/zedboard_master_XDC_RevC_D_v3/zedboard_master_XDC_RevC_D_v3.xdc:318]
CRITICAL WARNING: [Common 17-55] 'set_property' expects at least one object. [C:/Users/Andres/Downloads/zedboard_master_XDC_RevC_D_v3/zedboard_master_XDC_RevC_D_v3.xdc:318]
Resolution: If [get_<value>] was used to populate the object, check to make sure this command returns at least one valid object.
WARNING: [Vivado 12-584] No ports matched 'FMC_LA21_P'. [C:/Users/Andres/Downloads/zedboard_master_XDC_RevC_D_v3/zedboard_master_XDC_RevC_D_v3.xdc:319]
CRITICAL WARNING: [Common 17-55] 'set_property' expects at least one object. [C:/Users/Andres/Downloads/zedboard_master_XDC_RevC_D_v3/zedboard_master_XDC_RevC_D_v3.xdc:319]
Resolution: If [get_<value>] was used to populate the object, check to make sure this command returns at least one valid object.
WARNING: [Vivado 12-584] No ports matched 'FMC_LA22_N'. [C:/Users/Andres/Downloads/zedboard_master_XDC_RevC_D_v3/zedboard_master_XDC_RevC_D_v3.xdc:320]
CRITICAL WARNING: [Common 17-55] 'set_property' expects at least one object. [C:/Users/Andres/Downloads/zedboard_master_XDC_RevC_D_v3/zedboard_master_XDC_RevC_D_v3.xdc:320]
Resolution: If [get_<value>] was used to populate the object, check to make sure this command returns at least one valid object.
WARNING: [Vivado 12-584] No ports matched 'FMC_LA22_P'. [C:/Users/Andres/Downloads/zedboard_master_XDC_RevC_D_v3/zedboard_master_XDC_RevC_D_v3.xdc:321]
CRITICAL WARNING: [Common 17-55] 'set_property' expects at least one object. [C:/Users/Andres/Downloads/zedboard_master_XDC_RevC_D_v3/zedboard_master_XDC_RevC_D_v3.xdc:321]
Resolution: If [get_<value>] was used to populate the object, check to make sure this command returns at least one valid object.
WARNING: [Vivado 12-584] No ports matched 'FMC_LA23_N'. [C:/Users/Andres/Downloads/zedboard_master_XDC_RevC_D_v3/zedboard_master_XDC_RevC_D_v3.xdc:322]
CRITICAL WARNING: [Common 17-55] 'set_property' expects at least one object. [C:/Users/Andres/Downloads/zedboard_master_XDC_RevC_D_v3/zedboard_master_XDC_RevC_D_v3.xdc:322]
Resolution: If [get_<value>] was used to populate the object, check to make sure this command returns at least one valid object.
WARNING: [Vivado 12-584] No ports matched 'FMC_LA23_P'. [C:/Users/Andres/Downloads/zedboard_master_XDC_RevC_D_v3/zedboard_master_XDC_RevC_D_v3.xdc:323]
CRITICAL WARNING: [Common 17-55] 'set_property' expects at least one object. [C:/Users/Andres/Downloads/zedboard_master_XDC_RevC_D_v3/zedboard_master_XDC_RevC_D_v3.xdc:323]
Resolution: If [get_<value>] was used to populate the object, check to make sure this command returns at least one valid object.
WARNING: [Vivado 12-584] No ports matched 'FMC_LA24_N'. [C:/Users/Andres/Downloads/zedboard_master_XDC_RevC_D_v3/zedboard_master_XDC_RevC_D_v3.xdc:324]
CRITICAL WARNING: [Common 17-55] 'set_property' expects at least one object. [C:/Users/Andres/Downloads/zedboard_master_XDC_RevC_D_v3/zedboard_master_XDC_RevC_D_v3.xdc:324]
Resolution: If [get_<value>] was used to populate the object, check to make sure this command returns at least one valid object.
WARNING: [Vivado 12-584] No ports matched 'FMC_LA24_P'. [C:/Users/Andres/Downloads/zedboard_master_XDC_RevC_D_v3/zedboard_master_XDC_RevC_D_v3.xdc:325]
CRITICAL WARNING: [Common 17-55] 'set_property' expects at least one object. [C:/Users/Andres/Downloads/zedboard_master_XDC_RevC_D_v3/zedboard_master_XDC_RevC_D_v3.xdc:325]
Resolution: If [get_<value>] was used to populate the object, check to make sure this command returns at least one valid object.
WARNING: [Vivado 12-584] No ports matched 'FMC_LA25_N'. [C:/Users/Andres/Downloads/zedboard_master_XDC_RevC_D_v3/zedboard_master_XDC_RevC_D_v3.xdc:326]
CRITICAL WARNING: [Common 17-55] 'set_property' expects at least one object. [C:/Users/Andres/Downloads/zedboard_master_XDC_RevC_D_v3/zedboard_master_XDC_RevC_D_v3.xdc:326]
Resolution: If [get_<value>] was used to populate the object, check to make sure this command returns at least one valid object.
WARNING: [Vivado 12-584] No ports matched 'FMC_LA25_P'. [C:/Users/Andres/Downloads/zedboard_master_XDC_RevC_D_v3/zedboard_master_XDC_RevC_D_v3.xdc:327]
CRITICAL WARNING: [Common 17-55] 'set_property' expects at least one object. [C:/Users/Andres/Downloads/zedboard_master_XDC_RevC_D_v3/zedboard_master_XDC_RevC_D_v3.xdc:327]
Resolution: If [get_<value>] was used to populate the object, check to make sure this command returns at least one valid object.
WARNING: [Vivado 12-584] No ports matched 'FMC_LA26_N'. [C:/Users/Andres/Downloads/zedboard_master_XDC_RevC_D_v3/zedboard_master_XDC_RevC_D_v3.xdc:328]
CRITICAL WARNING: [Common 17-55] 'set_property' expects at least one object. [C:/Users/Andres/Downloads/zedboard_master_XDC_RevC_D_v3/zedboard_master_XDC_RevC_D_v3.xdc:328]
Resolution: If [get_<value>] was used to populate the object, check to make sure this command returns at least one valid object.
WARNING: [Vivado 12-584] No ports matched 'FMC_LA26_P'. [C:/Users/Andres/Downloads/zedboard_master_XDC_RevC_D_v3/zedboard_master_XDC_RevC_D_v3.xdc:329]
CRITICAL WARNING: [Common 17-55] 'set_property' expects at least one object. [C:/Users/Andres/Downloads/zedboard_master_XDC_RevC_D_v3/zedboard_master_XDC_RevC_D_v3.xdc:329]
Resolution: If [get_<value>] was used to populate the object, check to make sure this command returns at least one valid object.
WARNING: [Vivado 12-584] No ports matched 'FMC_LA27_N'. [C:/Users/Andres/Downloads/zedboard_master_XDC_RevC_D_v3/zedboard_master_XDC_RevC_D_v3.xdc:330]
CRITICAL WARNING: [Common 17-55] 'set_property' expects at least one object. [C:/Users/Andres/Downloads/zedboard_master_XDC_RevC_D_v3/zedboard_master_XDC_RevC_D_v3.xdc:330]
Resolution: If [get_<value>] was used to populate the object, check to make sure this command returns at least one valid object.
WARNING: [Vivado 12-584] No ports matched 'FMC_LA27_P'. [C:/Users/Andres/Downloads/zedboard_master_XDC_RevC_D_v3/zedboard_master_XDC_RevC_D_v3.xdc:331]
CRITICAL WARNING: [Common 17-55] 'set_property' expects at least one object. [C:/Users/Andres/Downloads/zedboard_master_XDC_RevC_D_v3/zedboard_master_XDC_RevC_D_v3.xdc:331]
Resolution: If [get_<value>] was used to populate the object, check to make sure this command returns at least one valid object.
WARNING: [Vivado 12-584] No ports matched 'FMC_LA28_N'. [C:/Users/Andres/Downloads/zedboard_master_XDC_RevC_D_v3/zedboard_master_XDC_RevC_D_v3.xdc:332]
CRITICAL WARNING: [Common 17-55] 'set_property' expects at least one object. [C:/Users/Andres/Downloads/zedboard_master_XDC_RevC_D_v3/zedboard_master_XDC_RevC_D_v3.xdc:332]
Resolution: If [get_<value>] was used to populate the object, check to make sure this command returns at least one valid object.
WARNING: [Vivado 12-584] No ports matched 'FMC_LA28_P'. [C:/Users/Andres/Downloads/zedboard_master_XDC_RevC_D_v3/zedboard_master_XDC_RevC_D_v3.xdc:333]
CRITICAL WARNING: [Common 17-55] 'set_property' expects at least one object. [C:/Users/Andres/Downloads/zedboard_master_XDC_RevC_D_v3/zedboard_master_XDC_RevC_D_v3.xdc:333]
Resolution: If [get_<value>] was used to populate the object, check to make sure this command returns at least one valid object.
WARNING: [Vivado 12-584] No ports matched 'FMC_LA29_N'. [C:/Users/Andres/Downloads/zedboard_master_XDC_RevC_D_v3/zedboard_master_XDC_RevC_D_v3.xdc:334]
CRITICAL WARNING: [Common 17-55] 'set_property' expects at least one object. [C:/Users/Andres/Downloads/zedboard_master_XDC_RevC_D_v3/zedboard_master_XDC_RevC_D_v3.xdc:334]
Resolution: If [get_<value>] was used to populate the object, check to make sure this command returns at least one valid object.
WARNING: [Vivado 12-584] No ports matched 'FMC_LA29_P'. [C:/Users/Andres/Downloads/zedboard_master_XDC_RevC_D_v3/zedboard_master_XDC_RevC_D_v3.xdc:335]
CRITICAL WARNING: [Common 17-55] 'set_property' expects at least one object. [C:/Users/Andres/Downloads/zedboard_master_XDC_RevC_D_v3/zedboard_master_XDC_RevC_D_v3.xdc:335]
Resolution: If [get_<value>] was used to populate the object, check to make sure this command returns at least one valid object.
WARNING: [Vivado 12-584] No ports matched 'FMC_LA30_N'. [C:/Users/Andres/Downloads/zedboard_master_XDC_RevC_D_v3/zedboard_master_XDC_RevC_D_v3.xdc:336]
CRITICAL WARNING: [Common 17-55] 'set_property' expects at least one object. [C:/Users/Andres/Downloads/zedboard_master_XDC_RevC_D_v3/zedboard_master_XDC_RevC_D_v3.xdc:336]
Resolution: If [get_<value>] was used to populate the object, check to make sure this command returns at least one valid object.
WARNING: [Vivado 12-584] No ports matched 'FMC_LA30_P'. [C:/Users/Andres/Downloads/zedboard_master_XDC_RevC_D_v3/zedboard_master_XDC_RevC_D_v3.xdc:337]
CRITICAL WARNING: [Common 17-55] 'set_property' expects at least one object. [C:/Users/Andres/Downloads/zedboard_master_XDC_RevC_D_v3/zedboard_master_XDC_RevC_D_v3.xdc:337]
Resolution: If [get_<value>] was used to populate the object, check to make sure this command returns at least one valid object.
WARNING: [Vivado 12-584] No ports matched 'FMC_LA31_N'. [C:/Users/Andres/Downloads/zedboard_master_XDC_RevC_D_v3/zedboard_master_XDC_RevC_D_v3.xdc:338]
CRITICAL WARNING: [Common 17-55] 'set_property' expects at least one object. [C:/Users/Andres/Downloads/zedboard_master_XDC_RevC_D_v3/zedboard_master_XDC_RevC_D_v3.xdc:338]
Resolution: If [get_<value>] was used to populate the object, check to make sure this command returns at least one valid object.
WARNING: [Vivado 12-584] No ports matched 'FMC_LA31_P'. [C:/Users/Andres/Downloads/zedboard_master_XDC_RevC_D_v3/zedboard_master_XDC_RevC_D_v3.xdc:339]
CRITICAL WARNING: [Common 17-55] 'set_property' expects at least one object. [C:/Users/Andres/Downloads/zedboard_master_XDC_RevC_D_v3/zedboard_master_XDC_RevC_D_v3.xdc:339]
Resolution: If [get_<value>] was used to populate the object, check to make sure this command returns at least one valid object.
WARNING: [Vivado 12-584] No ports matched 'FMC_LA32_N'. [C:/Users/Andres/Downloads/zedboard_master_XDC_RevC_D_v3/zedboard_master_XDC_RevC_D_v3.xdc:340]
CRITICAL WARNING: [Common 17-55] 'set_property' expects at least one object. [C:/Users/Andres/Downloads/zedboard_master_XDC_RevC_D_v3/zedboard_master_XDC_RevC_D_v3.xdc:340]
Resolution: If [get_<value>] was used to populate the object, check to make sure this command returns at least one valid object.
WARNING: [Vivado 12-584] No ports matched 'FMC_LA32_P'. [C:/Users/Andres/Downloads/zedboard_master_XDC_RevC_D_v3/zedboard_master_XDC_RevC_D_v3.xdc:341]
CRITICAL WARNING: [Common 17-55] 'set_property' expects at least one object. [C:/Users/Andres/Downloads/zedboard_master_XDC_RevC_D_v3/zedboard_master_XDC_RevC_D_v3.xdc:341]
Resolution: If [get_<value>] was used to populate the object, check to make sure this command returns at least one valid object.
WARNING: [Vivado 12-584] No ports matched 'FMC_LA33_N'. [C:/Users/Andres/Downloads/zedboard_master_XDC_RevC_D_v3/zedboard_master_XDC_RevC_D_v3.xdc:342]
CRITICAL WARNING: [Common 17-55] 'set_property' expects at least one object. [C:/Users/Andres/Downloads/zedboard_master_XDC_RevC_D_v3/zedboard_master_XDC_RevC_D_v3.xdc:342]
Resolution: If [get_<value>] was used to populate the object, check to make sure this command returns at least one valid object.
WARNING: [Vivado 12-584] No ports matched 'FMC_LA33_P'. [C:/Users/Andres/Downloads/zedboard_master_XDC_RevC_D_v3/zedboard_master_XDC_RevC_D_v3.xdc:343]
CRITICAL WARNING: [Common 17-55] 'set_property' expects at least one object. [C:/Users/Andres/Downloads/zedboard_master_XDC_RevC_D_v3/zedboard_master_XDC_RevC_D_v3.xdc:343]
Resolution: If [get_<value>] was used to populate the object, check to make sure this command returns at least one valid object.
WARNING: [Vivado 12-584] No ports matched '[get_ports -of_objects [get_iobanks 33]]'. [C:/Users/Andres/Downloads/zedboard_master_XDC_RevC_D_v3/zedboard_master_XDC_RevC_D_v3.xdc:362]
WARNING: [Vivado 12-584] No ports matched '[get_ports -of_objects [get_iobanks 34]]'. [C:/Users/Andres/Downloads/zedboard_master_XDC_RevC_D_v3/zedboard_master_XDC_RevC_D_v3.xdc:367]
WARNING: [Common 17-346] No IO Banks matched '35' [C:/Users/Andres/Downloads/zedboard_master_XDC_RevC_D_v3/zedboard_master_XDC_RevC_D_v3.xdc:372]
WARNING: [Vivado 12-584] No ports matched '[get_ports -of_objects [get_iobanks 35]]'. [C:/Users/Andres/Downloads/zedboard_master_XDC_RevC_D_v3/zedboard_master_XDC_RevC_D_v3.xdc:372]
WARNING: [Vivado 12-584] No ports matched '[get_ports -of_objects [get_iobanks 13]]'. [C:/Users/Andres/Downloads/zedboard_master_XDC_RevC_D_v3/zedboard_master_XDC_RevC_D_v3.xdc:375]
Finished Parsing XDC File [C:/Users/Andres/Downloads/zedboard_master_XDC_RevC_D_v3/zedboard_master_XDC_RevC_D_v3.xdc]
INFO: [Project 1-236] Implementation specific constraints were found while reading constraint file [C:/Users/Andres/Downloads/zedboard_master_XDC_RevC_D_v3/zedboard_master_XDC_RevC_D_v3.xdc]. These constraints will be ignored for synthesis but will be used in implementation. Impacted constraints are listed in the file [.Xil/Binary_Counter_propImpl.xdc].
Resolution: To avoid this warning, move constraints listed in [.Xil/Binary_Counter_propImpl.xdc] to another XDC file and exclude this new file from synthesis with the used_in_synthesis property (File Properties dialog in GUI) and re-run elaboration/synthesis.
Completed Processing XDC Constraints

INFO: [Project 1-111] Unisim Transformation Summary:
No Unisim elements were transformed.

Constraint Validation Runtime : Time (s): cpu = 00:00:00 ; elapsed = 00:00:00.003 . Memory (MB): peak = 700.848 ; gain = 0.000
---------------------------------------------------------------------------------
Finished Constraint Validation : Time (s): cpu = 00:00:24 ; elapsed = 00:00:27 . Memory (MB): peak = 700.848 ; gain = 442.176
---------------------------------------------------------------------------------
---------------------------------------------------------------------------------
Start Loading Part and Timing Information
---------------------------------------------------------------------------------
Loading part: xc7k70tfbv676-1
---------------------------------------------------------------------------------
Finished Loading Part and Timing Information : Time (s): cpu = 00:00:24 ; elapsed = 00:00:27 . Memory (MB): peak = 700.848 ; gain = 442.176
---------------------------------------------------------------------------------
---------------------------------------------------------------------------------
Start Applying 'set_property' XDC Constraints
---------------------------------------------------------------------------------
---------------------------------------------------------------------------------
Finished applying 'set_property' XDC Constraints : Time (s): cpu = 00:00:24 ; elapsed = 00:00:27 . Memory (MB): peak = 700.848 ; gain = 442.176
---------------------------------------------------------------------------------
---------------------------------------------------------------------------------
Finished RTL Optimization Phase 2 : Time (s): cpu = 00:00:24 ; elapsed = 00:00:27 . Memory (MB): peak = 700.848 ; gain = 442.176
---------------------------------------------------------------------------------

Report RTL Partitions: 
+-+--------------+------------+----------+
| |RTL Partition |Replication |Instances |
+-+--------------+------------+----------+
+-+--------------+------------+----------+
---------------------------------------------------------------------------------
Start RTL Component Statistics 
---------------------------------------------------------------------------------
Detailed RTL Component Info : 
+---Adders : 
	   2 Input      8 Bit       Adders := 1     
+---Registers : 
	                8 Bit    Registers := 1     
---------------------------------------------------------------------------------
Finished RTL Component Statistics 
---------------------------------------------------------------------------------
---------------------------------------------------------------------------------
Start RTL Hierarchical Component Statistics 
---------------------------------------------------------------------------------
Hierarchical RTL Component report 
Module Binary_Counter 
Detailed RTL Component Info : 
+---Adders : 
	   2 Input      8 Bit       Adders := 1     
+---Registers : 
	                8 Bit    Registers := 1     
---------------------------------------------------------------------------------
Finished RTL Hierarchical Component Statistics
---------------------------------------------------------------------------------
---------------------------------------------------------------------------------
Start Part Resource Summary
---------------------------------------------------------------------------------
Part Resources:
DSPs: 240 (col length:80)
BRAMs: 270 (col length: RAMB18 80 RAMB36 40)
---------------------------------------------------------------------------------
Finished Part Resource Summary
---------------------------------------------------------------------------------
---------------------------------------------------------------------------------
Start Cross Boundary and Area Optimization
---------------------------------------------------------------------------------
Warning: Parallel synthesis criteria is not met 
---------------------------------------------------------------------------------
Finished Cross Boundary and Area Optimization : Time (s): cpu = 00:00:25 ; elapsed = 00:00:28 . Memory (MB): peak = 700.848 ; gain = 442.176
---------------------------------------------------------------------------------

Report RTL Partitions: 
+-+--------------+------------+----------+
| |RTL Partition |Replication |Instances |
+-+--------------+------------+----------+
+-+--------------+------------+----------+
---------------------------------------------------------------------------------
Start Applying XDC Timing Constraints
---------------------------------------------------------------------------------
---------------------------------------------------------------------------------
Finished Applying XDC Timing Constraints : Time (s): cpu = 00:00:36 ; elapsed = 00:00:41 . Memory (MB): peak = 723.492 ; gain = 464.820
---------------------------------------------------------------------------------
---------------------------------------------------------------------------------
Start Timing Optimization
---------------------------------------------------------------------------------
---------------------------------------------------------------------------------
Finished Timing Optimization : Time (s): cpu = 00:00:36 ; elapsed = 00:00:41 . Memory (MB): peak = 723.492 ; gain = 464.820
---------------------------------------------------------------------------------

Report RTL Partitions: 
+-+--------------+------------+----------+
| |RTL Partition |Replication |Instances |
+-+--------------+------------+----------+
+-+--------------+------------+----------+
---------------------------------------------------------------------------------
Start Technology Mapping
---------------------------------------------------------------------------------
---------------------------------------------------------------------------------
Finished Technology Mapping : Time (s): cpu = 00:00:36 ; elapsed = 00:00:41 . Memory (MB): peak = 723.957 ; gain = 465.285
---------------------------------------------------------------------------------

Report RTL Partitions: 
+-+--------------+------------+----------+
| |RTL Partition |Replication |Instances |
+-+--------------+------------+----------+
+-+--------------+------------+----------+
---------------------------------------------------------------------------------
Start IO Insertion
---------------------------------------------------------------------------------
---------------------------------------------------------------------------------
Start Flattening Before IO Insertion
---------------------------------------------------------------------------------
---------------------------------------------------------------------------------
Finished Flattening Before IO Insertion
---------------------------------------------------------------------------------
---------------------------------------------------------------------------------
Start Final Netlist Cleanup
---------------------------------------------------------------------------------
---------------------------------------------------------------------------------
Finished Final Netlist Cleanup
---------------------------------------------------------------------------------
---------------------------------------------------------------------------------
Finished IO Insertion : Time (s): cpu = 00:00:37 ; elapsed = 00:00:42 . Memory (MB): peak = 725.348 ; gain = 466.676
---------------------------------------------------------------------------------

Report Check Netlist: 
+------+------------------+-------+---------+-------+------------------+
|      |Item              |Errors |Warnings |Status |Description       |
+------+------------------+-------+---------+-------+------------------+
|1     |multi_driven_nets |      0|        0|Passed |Multi driven nets |
+------+------------------+-------+---------+-------+------------------+
---------------------------------------------------------------------------------
Start Renaming Generated Instances
---------------------------------------------------------------------------------
---------------------------------------------------------------------------------
Finished Renaming Generated Instances : Time (s): cpu = 00:00:37 ; elapsed = 00:00:42 . Memory (MB): peak = 725.348 ; gain = 466.676
---------------------------------------------------------------------------------

Report RTL Partitions: 
+-+--------------+------------+----------+
| |RTL Partition |Replication |Instances |
+-+--------------+------------+----------+
+-+--------------+------------+----------+
---------------------------------------------------------------------------------
Start Rebuilding User Hierarchy
---------------------------------------------------------------------------------
---------------------------------------------------------------------------------
Finished Rebuilding User Hierarchy : Time (s): cpu = 00:00:37 ; elapsed = 00:00:42 . Memory (MB): peak = 725.348 ; gain = 466.676
---------------------------------------------------------------------------------
---------------------------------------------------------------------------------
Start Renaming Generated Ports
---------------------------------------------------------------------------------
---------------------------------------------------------------------------------
Finished Renaming Generated Ports : Time (s): cpu = 00:00:37 ; elapsed = 00:00:42 . Memory (MB): peak = 725.348 ; gain = 466.676
---------------------------------------------------------------------------------
---------------------------------------------------------------------------------
Start Handling Custom Attributes
---------------------------------------------------------------------------------
---------------------------------------------------------------------------------
Finished Handling Custom Attributes : Time (s): cpu = 00:00:37 ; elapsed = 00:00:42 . Memory (MB): peak = 725.348 ; gain = 466.676
---------------------------------------------------------------------------------
---------------------------------------------------------------------------------
Start Renaming Generated Nets
---------------------------------------------------------------------------------
---------------------------------------------------------------------------------
Finished Renaming Generated Nets : Time (s): cpu = 00:00:37 ; elapsed = 00:00:42 . Memory (MB): peak = 725.348 ; gain = 466.676
---------------------------------------------------------------------------------
---------------------------------------------------------------------------------
Start Writing Synthesis Report
---------------------------------------------------------------------------------

Report BlackBoxes: 
+-+--------------+----------+
| |BlackBox name |Instances |
+-+--------------+----------+
+-+--------------+----------+

Report Cell Usage: 
+------+-----+------+
|      |Cell |Count |
+------+-----+------+
|1     |BUFG |     1|
|2     |LUT1 |     1|
|3     |LUT2 |     3|
|4     |LUT3 |     2|
|5     |LUT4 |     1|
|6     |LUT5 |     1|
|7     |LUT6 |     2|
|8     |FDRE |     8|
|9     |IBUF |     2|
|10    |OBUF |     8|
+------+-----+------+

Report Instance Areas: 
+------+---------+-------+------+
|      |Instance |Module |Cells |
+------+---------+-------+------+
|1     |top      |       |    29|
+------+---------+-------+------+
---------------------------------------------------------------------------------
Finished Writing Synthesis Report : Time (s): cpu = 00:00:37 ; elapsed = 00:00:42 . Memory (MB): peak = 725.348 ; gain = 466.676
---------------------------------------------------------------------------------
Synthesis finished with 0 errors, 0 critical warnings and 0 warnings.
Synthesis Optimization Runtime : Time (s): cpu = 00:00:21 ; elapsed = 00:00:31 . Memory (MB): peak = 725.352 ; gain = 179.184
Synthesis Optimization Complete : Time (s): cpu = 00:00:38 ; elapsed = 00:00:42 . Memory (MB): peak = 725.352 ; gain = 466.680
INFO: [Project 1-571] Translating synthesized netlist
INFO: [Netlist 29-17] Analyzing 2 Unisim elements for replacement
INFO: [Netlist 29-28] Unisim Transformation completed in 0 CPU seconds
INFO: [Project 1-570] Preparing netlist for logic optimization
INFO: [Opt 31-138] Pushed 0 inverter(s) to 0 load pin(s).
INFO: [Project 1-111] Unisim Transformation Summary:
No Unisim elements were transformed.

INFO: [Common 17-83] Releasing license: Synthesis
14 Infos, 93 Warnings, 88 Critical Warnings and 0 Errors encountered.
synth_design completed successfully
synth_design: Time (s): cpu = 00:00:40 ; elapsed = 00:00:46 . Memory (MB): peak = 743.617 ; gain = 497.953
INFO: [Common 17-1381] The checkpoint 'C:/vhdl_temp/Binary_counter/Binary_counter.runs/synth_1/Binary_Counter.dcp' has been generated.
INFO: [runtcl-4] Executing : report_utilization -file Binary_Counter_utilization_synth.rpt -pb Binary_Counter_utilization_synth.pb
report_utilization: Time (s): cpu = 00:00:00 ; elapsed = 00:00:00.054 . Memory (MB): peak = 743.617 ; gain = 0.000
INFO: [Common 17-206] Exiting Vivado at Tue Sep  3 10:34:27 2019...
