Vivado Simulator 2018.2
Copyright 1986-1999, 2001-2018 Xilinx, Inc. All Rights Reserved.
Running: /home/carlos/Vivado/2018.2/bin/unwrapped/lnx64.o/xelab -wto bd41c8a10f544259b377ef0e443d2024 --incr --debug typical --relax --mt 8 -L xil_defaultlib -L secureip --snapshot sa_top_tb_behav xil_defaultlib.sa_top_tb -log elaborate.log 
Using 8 slave threads.
Starting static elaboration
Completed static elaboration
Starting simulation data flow analysis
Completed simulation data flow analysis
Time Resolution for simulation is 1ps
Compiling package std.standard
Compiling package std.textio
Compiling package ieee.std_logic_1164
Compiling package ieee.numeric_std
Compiling architecture behavioral of entity xil_defaultlib.sr [sr_default]
Compiling architecture behavioral of entity xil_defaultlib.fa [fa_default]
Compiling architecture behavioral of entity xil_defaultlib.dff [dff_default]
Compiling architecture behavioral of entity xil_defaultlib.op_sr [op_sr_default]
Compiling architecture behavioral of entity xil_defaultlib.sa_top [sa_top_default]
Compiling architecture behavioral of entity xil_defaultlib.sa_top_tb
Built simulation snapshot sa_top_tb_behav
